0 info it worked if it ends with ok
1 verbose cli [ 'node', '/usr/local/bin/npm', 'update', '-g', 'bower' ]
2 info using npm@2.14.3
3 info using node@v0.10.35
4 verbose node symlink /usr/local/bin/node
5 silly mapToRegistry name bower
6 silly mapToRegistry using default registry
7 silly mapToRegistry registry https://registry.npmjs.org/
8 silly mapToRegistry uri https://registry.npmjs.org/bower
9 verbose request uri https://registry.npmjs.org/bower
10 verbose request no auth needed
11 info attempt registry request try #1 at 22:13:00
12 verbose request id 1c64a3c1de958335
13 http request GET https://registry.npmjs.org/bower
14 info retry will retry, error on last attempt: Error: tunneling socket could not be established, cause=getaddrinfo ENOTFOUND
15 info attempt registry request try #2 at 22:13:10
16 http request GET https://registry.npmjs.org/bower
17 info retry will retry, error on last attempt: Error: tunneling socket could not be established, cause=getaddrinfo ENOTFOUND
18 info attempt registry request try #3 at 22:14:10
19 http request GET https://registry.npmjs.org/bower
20 verbose stack Error: tunneling socket could not be established, cause=getaddrinfo ENOTFOUND
20 verbose stack     at ClientRequest.onError (/usr/local/lib/node_modules/npm/node_modules/request/node_modules/tunnel-agent/index.js:174:17)
20 verbose stack     at ClientRequest.g (events.js:180:16)
20 verbose stack     at ClientRequest.emit (events.js:95:17)
20 verbose stack     at Socket.socketErrorListener (http.js:1552:9)
20 verbose stack     at Socket.emit (events.js:95:17)
20 verbose stack     at net.js:834:16
20 verbose stack     at process._tickCallback (node.js:442:13)
21 verbose cwd /Users/tk-mac/www/app_processflow/web
22 error Darwin 14.5.0
23 error argv "node" "/usr/local/bin/npm" "update" "-g" "bower"
24 error node v0.10.35
25 error npm  v2.14.3
26 error code ECONNRESET
27 error network tunneling socket could not be established, cause=getaddrinfo ENOTFOUND
27 error network This is most likely not a problem with npm itself
27 error network and is related to network connectivity.
27 error network In most cases you are behind a proxy or have bad network settings.
27 error network
27 error network If you are behind a proxy, please make sure that the
27 error network 'proxy' config is set properly.  See: 'npm help config'
28 verbose exit [ 1, true ]
